<?xml version="1.0" encoding="UTF-8"?>
<testng-results skipped="0" failed="1" ignored="0" total="2" passed="1">
  <reporter-output>
    <line>
      <![CDATA[Existing customer is not in selected status<br>]]>
    </line>
    <line>
      <![CDATA[Element is Cliking : Proxy element for: DefaultElementLocator 'By.xpath: (//a[@class='grv-button--progressive hero-card__button'])'<br>]]>
    </line>
  </reporter-output>
  <suite name="Default suite" duration-ms="22344" started-at="2022-05-12T05:42:23 EDT" finished-at="2022-05-12T05:42:45 EDT">
    <groups>
    </groups>
    <test name="Default test" duration-ms="22344" started-at="2022-05-12T05:42:23 EDT" finished-at="2022-05-12T05:42:45 EDT">
      <class name="capitalOne.Qa.Test.OpenAccount.OpenAccountTest">
        <test-method status="PASS" signature="setUp()[pri:0, instance:capitalOne.Qa.Test.OpenAccount.OpenAccountTest@3439f68d]" name="setUp" is-config="true" duration-ms="5796" started-at="2022-05-12T05:42:23 EDT" finished-at="2022-05-12T05:42:29 EDT">
          <reporter-output>
          </reporter-output>
        </test-method> <!-- setUp -->
        <test-method status="FAIL" signature="letsGetStarted()[pri:1, instance:capitalOne.Qa.Test.OpenAccount.OpenAccountTest@3439f68d]" name="letsGetStarted" duration-ms="15" started-at="2022-05-12T05:42:29 EDT" finished-at="2022-05-12T05:42:29 EDT">
          <exception class="java.lang.AssertionError">
            <message>
              <![CDATA[null]]>
            </message>
            <full-stacktrace>
              <![CDATA[java.lang.AssertionError: null
at org.testng.Assert.fail(Assert.java:110)
at org.testng.Assert.fail(Assert.java:115)
at capitalOneBank.QA.Common.CommonActions.logEventAndFail(CommonActions.java:142)
at capitalOneBank.QA.Pages.Objects.LetsGetStarted.clickAlreadyHaveCustomerAcountStep(LetsGetStarted.java:33)
at capitalOne.Qa.Test.OpenAccount.OpenAccountTest.letsGetStarted(OpenAccountTest.java:15)
at sun.reflect.NativeMethodAccessorImpl.invoke0(Native Method)
at sun.reflect.NativeMethodAccessorImpl.invoke(NativeMethodAccessorImpl.java:62)
at sun.reflect.DelegatingMethodAccessorImpl.invoke(DelegatingMethodAccessorImpl.java:43)
at java.lang.reflect.Method.invoke(Method.java:498)
at org.testng.internal.invokers.MethodInvocationHelper.invokeMethod(MethodInvocationHelper.java:135)
at org.testng.internal.invokers.TestInvoker.invokeMethod(TestInvoker.java:673)
at org.testng.internal.invokers.TestInvoker.invokeTestMethod(TestInvoker.java:220)
at org.testng.internal.invokers.MethodRunner.runInSequence(MethodRunner.java:50)
at org.testng.internal.invokers.TestInvoker$MethodInvocationAgent.invoke(TestInvoker.java:945)
at org.testng.internal.invokers.TestInvoker.invokeTestMethods(TestInvoker.java:193)
at org.testng.internal.invokers.TestMethodWorker.invokeTestMethods(TestMethodWorker.java:146)
at org.testng.internal.invokers.TestMethodWorker.run(TestMethodWorker.java:128)
at java.util.ArrayList.forEach(ArrayList.java:1259)
at org.testng.TestRunner.privateRun(TestRunner.java:808)
at org.testng.TestRunner.run(TestRunner.java:603)
at org.testng.SuiteRunner.runTest(SuiteRunner.java:429)
at org.testng.SuiteRunner.runSequentially(SuiteRunner.java:423)
at org.testng.SuiteRunner.privateRun(SuiteRunner.java:383)
at org.testng.SuiteRunner.run(SuiteRunner.java:326)
at org.testng.SuiteRunnerWorker.runSuite(SuiteRunnerWorker.java:52)
at org.testng.SuiteRunnerWorker.run(SuiteRunnerWorker.java:95)
at org.testng.TestNG.runSuitesSequentially(TestNG.java:1249)
at org.testng.TestNG.runSuitesLocally(TestNG.java:1169)
at org.testng.TestNG.runSuites(TestNG.java:1092)
at org.testng.TestNG.run(TestNG.java:1060)
at org.testng.remote.AbstractRemoteTestNG.run(AbstractRemoteTestNG.java:115)
at org.testng.remote.RemoteTestNG.initAndRun(RemoteTestNG.java:251)
at org.testng.remote.RemoteTestNG.main(RemoteTestNG.java:77)
]]>
            </full-stacktrace>
          </exception> <!-- java.lang.AssertionError -->
          <reporter-output>
            <line>
              <![CDATA[Existing customer is not in selected status<br>]]>
            </line>
          </reporter-output>
        </test-method> <!-- letsGetStarted -->
        <test-method status="PASS" signature="cleaningUp()[pri:0, instance:capitalOne.Qa.Test.OpenAccount.OpenAccountTest@3439f68d]" name="cleaningUp" is-config="true" duration-ms="0" started-at="2022-05-12T05:42:29 EDT" finished-at="2022-05-12T05:42:29 EDT">
          <reporter-output>
          </reporter-output>
        </test-method> <!-- cleaningUp -->
        <test-method status="PASS" signature="setUp()[pri:0, instance:capitalOne.Qa.Test.OpenAccount.OpenAccountTest@3439f68d]" name="setUp" is-config="true" duration-ms="3953" started-at="2022-05-12T05:42:29 EDT" finished-at="2022-05-12T05:42:33 EDT">
          <reporter-output>
          </reporter-output>
        </test-method> <!-- setUp -->
        <test-method status="PASS" signature="openAccount()[pri:1, instance:capitalOne.Qa.Test.OpenAccount.OpenAccountTest@3439f68d]" name="openAccount" duration-ms="12507" started-at="2022-05-12T05:42:33 EDT" finished-at="2022-05-12T05:42:45 EDT">
          <reporter-output>
            <line>
              <![CDATA[Element is Cliking : Proxy element for: DefaultElementLocator 'By.xpath: (//a[@class='grv-button--progressive hero-card__button'])'<br>]]>
            </line>
          </reporter-output>
        </test-method> <!-- openAccount -->
        <test-method status="PASS" signature="cleaningUp()[pri:0, instance:capitalOne.Qa.Test.OpenAccount.OpenAccountTest@3439f68d]" name="cleaningUp" is-config="true" duration-ms="0" started-at="2022-05-12T05:42:45 EDT" finished-at="2022-05-12T05:42:45 EDT">
          <reporter-output>
          </reporter-output>
        </test-method> <!-- cleaningUp -->
      </class> <!-- capitalOne.Qa.Test.OpenAccount.OpenAccountTest -->
    </test> <!-- Default test -->
  </suite> <!-- Default suite -->
</testng-results>
